<?xml version="1.0" encoding="utf-8" standalone="no"?>
<test-run id="2" testcasecount="0" result="Failed" label="Invalid" total="0" passed="0" failed="0" inconclusive="0" skipped="0" asserts="0" engine-version="3.6.1.0" clr-version="4.0.30319.42000" start-time="2017-06-03 13:46:58Z" end-time="2017-06-03 13:46:58Z" duration="0.475917">
  <command-line><![CDATA[nunit3-console  HelloJenkins.sln]]></command-line>
  <test-suite type="Assembly" id="1-1" name="HelloJenkins.exe" fullname="D:\Programming\Git\testJenkins\HelloJenkins\bin\Debug\HelloJenkins.exe" testcasecount="0" runstate="NotRunnable" result="Failed" label="Invalid">
    <properties>
      <property name="_SKIPREASON" value="File not found: D:\Programming\Git\testJenkins\HelloJenkins\bin\Debug\HelloJenkins.exe" />
    </properties>
    <reason>
      <message>File not found: D:\Programming\Git\testJenkins\HelloJenkins\bin\Debug\HelloJenkins.exe</message>
    </reason>
  </test-suite>
</test-run>